<?xml version="1.0" encoding="UTF-8"?>
<testng-results ignored="0" total="2" passed="2" failed="0" skipped="0">
  <reporter-output>
  </reporter-output>
  <suite started-at="2023-07-25T17:14:17 IST" name="Suite" finished-at="2023-07-25T17:15:44 IST" duration-ms="87275">
    <groups>
    </groups>
    <test started-at="2023-07-25T17:14:17 IST" name="Test" finished-at="2023-07-25T17:15:44 IST" duration-ms="87275">
      <class name="tests.CreateActest">
        <test-method is-config="true" signature="setup()[pri:0, instance:tests.CreateActest@31ea9581]" started-at="2023-07-25T17:14:17 IST" name="setup" finished-at="2023-07-25T17:14:22 IST" duration-ms="5490" status="PASS">
          <reporter-output>
          </reporter-output>
        </test-method> <!-- setup -->
        <test-method signature="test()[pri:0, instance:tests.CreateActest@31ea9581]" started-at="2023-07-25T17:14:22 IST" name="test" finished-at="2023-07-25T17:14:35 IST" duration-ms="12914" status="PASS">
          <reporter-output>
          </reporter-output>
        </test-method> <!-- test -->
      </class> <!-- tests.CreateActest -->
      <class name="tests.Addcarttest">
        <test-method is-config="true" signature="setup()[pri:0, instance:tests.Addcarttest@4d1c005e]" started-at="2023-07-25T17:14:35 IST" name="setup" finished-at="2023-07-25T17:14:40 IST" duration-ms="4577" status="PASS">
          <reporter-output>
          </reporter-output>
        </test-method> <!-- setup -->
        <test-method signature="test()[pri:0, instance:tests.Addcarttest@4d1c005e]" started-at="2023-07-25T17:14:40 IST" name="test" finished-at="2023-07-25T17:15:44 IST" duration-ms="64229" status="PASS">
          <reporter-output>
          </reporter-output>
        </test-method> <!-- test -->
      </class> <!-- tests.Addcarttest -->
    </test> <!-- Test -->
  </suite> <!-- Suite -->
</testng-results>
